<?xml version="1.0" encoding="UTF-8"?>
<!-- Generated by org.testng.reporters.JUnitReportReporter -->
<testsuite hostname="sai-PC" name="com.testingshatra.functionaltests.HomePageTests" tests="2" failures="0" timestamp="10 Sep 2020 13:31:47 GMT" time="112.046" errors="0">
  <testcase name="verifyPresenceOfAllMenuItems" time="58.040" classname="com.testingshatra.functionaltests.HomePageTests"/>
  <testcase name="verifyIfLogoPresent" time="54.006" classname="com.testingshatra.functionaltests.HomePageTests"/>
</testsuite> <!-- com.testingshatra.functionaltests.HomePageTests -->
